  Antylopa.cpp
C:\Users\Michal\Documents\GitHub\POproj1\Organizm.h(25,2): warning C4114: ten sam kwalifikator typu użyty więcej niż raz
  (kompilowanie pliku źródłowego „Antylopa.cpp”)
  
C:\Users\Michal\Documents\GitHub\POproj1\Organizm.h(26,2): warning C4114: ten sam kwalifikator typu użyty więcej niż raz
  (kompilowanie pliku źródłowego „Antylopa.cpp”)
  
C:\Users\Michal\Documents\GitHub\POproj1\Organizm.h(27,2): warning C4114: ten sam kwalifikator typu użyty więcej niż raz
  (kompilowanie pliku źródłowego „Antylopa.cpp”)
  
C:\Users\Michal\Documents\GitHub\POproj1\Organizm.h(28,2): warning C4114: ten sam kwalifikator typu użyty więcej niż raz
  (kompilowanie pliku źródłowego „Antylopa.cpp”)
  
  Czlowiek.cpp
C:\Users\Michal\Documents\GitHub\POproj1\Organizm.h(25,2): warning C4114: ten sam kwalifikator typu użyty więcej niż raz
  (kompilowanie pliku źródłowego „Czlowiek.cpp”)
  
C:\Users\Michal\Documents\GitHub\POproj1\Organizm.h(26,2): warning C4114: ten sam kwalifikator typu użyty więcej niż raz
  (kompilowanie pliku źródłowego „Czlowiek.cpp”)
  
C:\Users\Michal\Documents\GitHub\POproj1\Organizm.h(27,2): warning C4114: ten sam kwalifikator typu użyty więcej niż raz
  (kompilowanie pliku źródłowego „Czlowiek.cpp”)
  
C:\Users\Michal\Documents\GitHub\POproj1\Organizm.h(28,2): warning C4114: ten sam kwalifikator typu użyty więcej niż raz
  (kompilowanie pliku źródłowego „Czlowiek.cpp”)
  
  Lis.cpp
C:\Users\Michal\Documents\GitHub\POproj1\Organizm.h(25,2): warning C4114: ten sam kwalifikator typu użyty więcej niż raz
  (kompilowanie pliku źródłowego „Lis.cpp”)
  
C:\Users\Michal\Documents\GitHub\POproj1\Organizm.h(26,2): warning C4114: ten sam kwalifikator typu użyty więcej niż raz
  (kompilowanie pliku źródłowego „Lis.cpp”)
  
C:\Users\Michal\Documents\GitHub\POproj1\Organizm.h(27,2): warning C4114: ten sam kwalifikator typu użyty więcej niż raz
  (kompilowanie pliku źródłowego „Lis.cpp”)
  
C:\Users\Michal\Documents\GitHub\POproj1\Organizm.h(28,2): warning C4114: ten sam kwalifikator typu użyty więcej niż raz
  (kompilowanie pliku źródłowego „Lis.cpp”)
  
  Swiat.cpp
C:\Users\Michal\Documents\GitHub\POproj1\Organizm.h(25,2): warning C4114: ten sam kwalifikator typu użyty więcej niż raz
  (kompilowanie pliku źródłowego „Swiat.cpp”)
  
C:\Users\Michal\Documents\GitHub\POproj1\Organizm.h(26,2): warning C4114: ten sam kwalifikator typu użyty więcej niż raz
  (kompilowanie pliku źródłowego „Swiat.cpp”)
  
C:\Users\Michal\Documents\GitHub\POproj1\Organizm.h(27,2): warning C4114: ten sam kwalifikator typu użyty więcej niż raz
  (kompilowanie pliku źródłowego „Swiat.cpp”)
  
C:\Users\Michal\Documents\GitHub\POproj1\Organizm.h(28,2): warning C4114: ten sam kwalifikator typu użyty więcej niż raz
  (kompilowanie pliku źródłowego „Swiat.cpp”)
  
  Zolw.cpp
C:\Users\Michal\Documents\GitHub\POproj1\Organizm.h(25,2): warning C4114: ten sam kwalifikator typu użyty więcej niż raz
  (kompilowanie pliku źródłowego „Zolw.cpp”)
  
C:\Users\Michal\Documents\GitHub\POproj1\Organizm.h(26,2): warning C4114: ten sam kwalifikator typu użyty więcej niż raz
  (kompilowanie pliku źródłowego „Zolw.cpp”)
  
C:\Users\Michal\Documents\GitHub\POproj1\Organizm.h(27,2): warning C4114: ten sam kwalifikator typu użyty więcej niż raz
  (kompilowanie pliku źródłowego „Zolw.cpp”)
  
C:\Users\Michal\Documents\GitHub\POproj1\Organizm.h(28,2): warning C4114: ten sam kwalifikator typu użyty więcej niż raz
  (kompilowanie pliku źródłowego „Zolw.cpp”)
  
  Zwierze.cpp
C:\Users\Michal\Documents\GitHub\POproj1\Organizm.h(25,2): warning C4114: ten sam kwalifikator typu użyty więcej niż raz
  (kompilowanie pliku źródłowego „Zwierze.cpp”)
  
C:\Users\Michal\Documents\GitHub\POproj1\Organizm.h(26,2): warning C4114: ten sam kwalifikator typu użyty więcej niż raz
  (kompilowanie pliku źródłowego „Zwierze.cpp”)
  
C:\Users\Michal\Documents\GitHub\POproj1\Organizm.h(27,2): warning C4114: ten sam kwalifikator typu użyty więcej niż raz
  (kompilowanie pliku źródłowego „Zwierze.cpp”)
  
C:\Users\Michal\Documents\GitHub\POproj1\Organizm.h(28,2): warning C4114: ten sam kwalifikator typu użyty więcej niż raz
  (kompilowanie pliku źródłowego „Zwierze.cpp”)
  
  main.cpp
C:\Users\Michal\Documents\GitHub\POproj1\Organizm.h(25,2): warning C4114: ten sam kwalifikator typu użyty więcej niż raz
  (kompilowanie pliku źródłowego „main.cpp”)
  
C:\Users\Michal\Documents\GitHub\POproj1\Organizm.h(26,2): warning C4114: ten sam kwalifikator typu użyty więcej niż raz
  (kompilowanie pliku źródłowego „main.cpp”)
  
C:\Users\Michal\Documents\GitHub\POproj1\Organizm.h(27,2): warning C4114: ten sam kwalifikator typu użyty więcej niż raz
  (kompilowanie pliku źródłowego „main.cpp”)
  
C:\Users\Michal\Documents\GitHub\POproj1\Organizm.h(28,2): warning C4114: ten sam kwalifikator typu użyty więcej niż raz
  (kompilowanie pliku źródłowego „main.cpp”)
  
C:\Users\Michal\Documents\GitHub\POproj1\main.cpp(19,15): warning C4244: "argument": konwersja z "time_t" do "unsigned int", możliwa utrata danych
  Generowanie kodu...
  POproj1.vcxproj -> C:\Users\Michal\Documents\GitHub\POproj1\x64\Debug\POproj1.exe
